<?xml version="1.0" encoding="UTF-8"?>
<testsuite name="com.example.twoupprint.PdfMergerTest" tests="6" skipped="0" failures="0" errors="0" timestamp="2026-09-22T20:54:54.328Z" hostname="SWIFT-5" time="0.183">
  <properties/>
  <testcase name="testMarginsPreserveAspectRatio" classname="com.example.twoupprint.PdfMergerTest" time="0.117"/>
  <testcase name="testBestFit16x9_4Up" classname="com.example.twoupprint.PdfMergerTest" time="0.014"/>
  <testcase name="testFixedA4PortraitWhenBestFitDisabled" classname="com.example.twoupprint.PdfMergerTest" time="0.014"/>
  <testcase name="testFixedA4WhenBestFitDisabled" classname="com.example.twoupprint.PdfMergerTest" time="0.015"/>
  <testcase name="testAsymmetricMargins" classname="com.example.twoupprint.PdfMergerTest" time="0.011"/>
  <testcase name="testBestFit4x3_4Up" classname="com.example.twoupprint.PdfMergerTest" time="0.011"/>
  <system-out><![CDATA[]]></system-out>
  <system-err><![CDATA[]]></system-err>
</testsuite>
